[2026-03-02 14:08:47] Action: logout | Session: {"user_id":"sistemas","user_name":"sistemas","vendedor_id":"099","ope_web":1}
[2026-03-02 14:08:47] Action: get_config | Session: []
[2026-03-02 17:04:50] Action: get_config | Session: []
[2026-03-02 17:04:53] Action: login | Session: []
[2026-03-02 17:04:53] Action: get_config | Session: {"user_id":"sistemas","user_name":"sistemas","vendedor_id":"099","ope_web":1}
[2026-03-02 17:04:53] Action: departments | Session: {"user_id":"sistemas","user_name":"sistemas","vendedor_id":"099","ope_web":1}
[2026-03-02 17:04:53] Action: get_rates | Session: {"user_id":"sistemas","user_name":"sistemas","vendedor_id":"099","ope_web":1}
[2026-03-02 17:04:53] Action: categories | Session: {"user_id":"sistemas","user_name":"sistemas","vendedor_id":"099","ope_web":1}
[2026-03-02 17:04:54] Action: products | Session: {"user_id":"sistemas","user_name":"sistemas","vendedor_id":"099","ope_web":1}
[2026-03-02 17:05:00] Action: search_clients | Session: {"user_id":"sistemas","user_name":"sistemas","vendedor_id":"099","ope_web":1}
[2026-03-02 17:05:01] Action: search_clients | Session: {"user_id":"sistemas","user_name":"sistemas","vendedor_id":"099","ope_web":1}
[2026-03-02 17:05:10] Action: products | Session: {"user_id":"sistemas","user_name":"sistemas","vendedor_id":"099","ope_web":1}
[2026-03-02 17:05:16] Action: products | Session: {"user_id":"sistemas","user_name":"sistemas","vendedor_id":"099","ope_web":1}
[2026-03-02 17:05:18] Action: products | Session: {"user_id":"sistemas","user_name":"sistemas","vendedor_id":"099","ope_web":1}
[2026-03-02 17:05:20] Action: products | Session: {"user_id":"sistemas","user_name":"sistemas","vendedor_id":"099","ope_web":1}
[2026-03-02 17:05:24] Action: products | Session: {"user_id":"sistemas","user_name":"sistemas","vendedor_id":"099","ope_web":1}
[2026-03-02 17:07:56] Action: submit_order | Session: {"user_id":"sistemas","user_name":"sistemas","vendedor_id":"099","ope_web":1}
[2026-03-02 17:07:56] Submitting order: Client=0000000491, PseudoId=BARA-1772467612454-12, Vendedor=099, Comentario=PEDIDO DE PRUEBA
[2026-03-02 17:07:56] WEB_PEDIDO executed. Verifying PseudoId: BARA-1772467612454-12
[2026-03-02 17:07:56] Order verified: 0000000018
[2026-03-02 17:08:06] Action: products | Session: {"user_id":"sistemas","user_name":"sistemas","vendedor_id":"099","ope_web":1}
[2026-03-02 17:08:41] Action: get_config | Session: {"user_id":"sistemas","user_name":"sistemas","vendedor_id":"099","ope_web":1}
[2026-03-02 17:08:41] Action: departments | Session: {"user_id":"sistemas","user_name":"sistemas","vendedor_id":"099","ope_web":1}
[2026-03-02 17:08:41] Action: categories | Session: {"user_id":"sistemas","user_name":"sistemas","vendedor_id":"099","ope_web":1}
[2026-03-02 17:08:41] Action: get_rates | Session: {"user_id":"sistemas","user_name":"sistemas","vendedor_id":"099","ope_web":1}
[2026-03-02 17:08:41] Action: products | Session: {"user_id":"sistemas","user_name":"sistemas","vendedor_id":"099","ope_web":1}
[2026-03-02 17:08:43] Action: logout | Session: {"user_id":"sistemas","user_name":"sistemas","vendedor_id":"099","ope_web":1}
[2026-03-02 17:08:43] Action: get_config | Session: []
[2026-03-02 17:08:45] Action: login | Session: []
[2026-03-02 17:08:46] Action: get_rates | Session: {"user_id":"sistemas","user_name":"sistemas","vendedor_id":"099","ope_web":0}
[2026-03-02 17:08:46] Action: get_config | Session: {"user_id":"sistemas","user_name":"sistemas","vendedor_id":"099","ope_web":0}
[2026-03-02 17:08:46] Action: categories | Session: {"user_id":"sistemas","user_name":"sistemas","vendedor_id":"099","ope_web":0}
[2026-03-02 17:08:46] Action: departments | Session: {"user_id":"sistemas","user_name":"sistemas","vendedor_id":"099","ope_web":0}
[2026-03-02 17:08:46] Action: products | Session: {"user_id":"sistemas","user_name":"sistemas","vendedor_id":"099","ope_web":0}
[2026-03-02 17:09:04] Action: logout | Session: {"user_id":"sistemas","user_name":"sistemas","vendedor_id":"099","ope_web":0}
[2026-03-02 17:09:04] Action: get_config | Session: []
[2026-03-02 17:09:10] Action: login | Session: []
[2026-03-02 17:09:10] Action: get_rates | Session: {"user_id":"sistemas","user_name":"sistemas","vendedor_id":"099","ope_web":1}
[2026-03-02 17:09:10] Action: get_config | Session: {"user_id":"sistemas","user_name":"sistemas","vendedor_id":"099","ope_web":1}
[2026-03-02 17:09:10] Action: departments | Session: {"user_id":"sistemas","user_name":"sistemas","vendedor_id":"099","ope_web":1}
[2026-03-02 17:09:10] Action: categories | Session: {"user_id":"sistemas","user_name":"sistemas","vendedor_id":"099","ope_web":1}
[2026-03-02 17:09:10] Action: products | Session: {"user_id":"sistemas","user_name":"sistemas","vendedor_id":"099","ope_web":1}
[2026-03-02 17:09:19] Action: save_config | Session: {"user_id":"sistemas","user_name":"sistemas","vendedor_id":"099","ope_web":1}
[2026-03-02 17:09:20] Action: get_config | Session: {"user_id":"sistemas","user_name":"sistemas","vendedor_id":"099","ope_web":1}
[2026-03-02 17:09:20] Action: departments | Session: {"user_id":"sistemas","user_name":"sistemas","vendedor_id":"099","ope_web":1}
[2026-03-02 17:09:20] Action: get_rates | Session: {"user_id":"sistemas","user_name":"sistemas","vendedor_id":"099","ope_web":1}
[2026-03-02 17:09:20] Action: categories | Session: {"user_id":"sistemas","user_name":"sistemas","vendedor_id":"099","ope_web":1}
[2026-03-02 17:09:20] Action: products | Session: {"user_id":"sistemas","user_name":"sistemas","vendedor_id":"099","ope_web":1}
[2026-03-02 17:09:28] Action: save_config | Session: {"user_id":"sistemas","user_name":"sistemas","vendedor_id":"099","ope_web":1}
[2026-03-02 17:09:29] Action: get_config | Session: {"user_id":"sistemas","user_name":"sistemas","vendedor_id":"099","ope_web":1}
[2026-03-02 17:09:29] Action: get_rates | Session: {"user_id":"sistemas","user_name":"sistemas","vendedor_id":"099","ope_web":1}
[2026-03-02 17:09:29] Action: categories | Session: {"user_id":"sistemas","user_name":"sistemas","vendedor_id":"099","ope_web":1}
[2026-03-02 17:09:29] Action: departments | Session: {"user_id":"sistemas","user_name":"sistemas","vendedor_id":"099","ope_web":1}
[2026-03-02 17:09:29] Action: products | Session: {"user_id":"sistemas","user_name":"sistemas","vendedor_id":"099","ope_web":1}
[2026-03-02 17:09:34] Action: logout | Session: {"user_id":"sistemas","user_name":"sistemas","vendedor_id":"099","ope_web":1}
[2026-03-02 17:09:34] Action: get_config | Session: []
[2026-03-02 17:09:36] Action: login | Session: []
[2026-03-02 17:09:36] Action: get_config | Session: {"user_id":"sistemas","user_name":"sistemas","vendedor_id":"099","ope_web":1}
[2026-03-02 17:09:36] Action: categories | Session: {"user_id":"sistemas","user_name":"sistemas","vendedor_id":"099","ope_web":1}
[2026-03-02 17:09:36] Action: departments | Session: {"user_id":"sistemas","user_name":"sistemas","vendedor_id":"099","ope_web":1}
[2026-03-02 17:09:36] Action: get_rates | Session: {"user_id":"sistemas","user_name":"sistemas","vendedor_id":"099","ope_web":1}
[2026-03-02 17:09:36] Action: products | Session: {"user_id":"sistemas","user_name":"sistemas","vendedor_id":"099","ope_web":1}
[2026-03-02 17:09:42] Action: save_config | Session: {"user_id":"sistemas","user_name":"sistemas","vendedor_id":"099","ope_web":1}
[2026-03-02 17:09:43] Action: get_config | Session: {"user_id":"sistemas","user_name":"sistemas","vendedor_id":"099","ope_web":1}
[2026-03-02 17:09:43] Action: categories | Session: {"user_id":"sistemas","user_name":"sistemas","vendedor_id":"099","ope_web":1}
[2026-03-02 17:09:43] Action: departments | Session: {"user_id":"sistemas","user_name":"sistemas","vendedor_id":"099","ope_web":1}
[2026-03-02 17:09:43] Action: get_rates | Session: {"user_id":"sistemas","user_name":"sistemas","vendedor_id":"099","ope_web":1}
[2026-03-02 17:09:43] Action: products | Session: {"user_id":"sistemas","user_name":"sistemas","vendedor_id":"099","ope_web":1}
[2026-03-02 17:09:47] Action: logout | Session: {"user_id":"sistemas","user_name":"sistemas","vendedor_id":"099","ope_web":1}
[2026-03-02 17:09:47] Action: get_config | Session: []
[2026-03-02 17:09:52] Action: get_config | Session: []
[2026-03-02 17:09:55] Action: login | Session: []
[2026-03-02 17:09:55] Action: departments | Session: {"user_id":"sistemas","user_name":"sistemas","vendedor_id":"099","ope_web":1}
[2026-03-02 17:09:55] Action: get_config | Session: {"user_id":"sistemas","user_name":"sistemas","vendedor_id":"099","ope_web":1}
[2026-03-02 17:09:55] Action: categories | Session: {"user_id":"sistemas","user_name":"sistemas","vendedor_id":"099","ope_web":1}
[2026-03-02 17:09:55] Action: get_rates | Session: {"user_id":"sistemas","user_name":"sistemas","vendedor_id":"099","ope_web":1}
[2026-03-02 17:09:55] Action: products | Session: {"user_id":"sistemas","user_name":"sistemas","vendedor_id":"099","ope_web":1}
[2026-03-02 17:10:06] Action: save_config | Session: {"user_id":"sistemas","user_name":"sistemas","vendedor_id":"099","ope_web":1}
[2026-03-02 17:10:07] Action: departments | Session: {"user_id":"sistemas","user_name":"sistemas","vendedor_id":"099","ope_web":1}
[2026-03-02 17:10:07] Action: categories | Session: {"user_id":"sistemas","user_name":"sistemas","vendedor_id":"099","ope_web":1}
[2026-03-02 17:10:07] Action: get_rates | Session: {"user_id":"sistemas","user_name":"sistemas","vendedor_id":"099","ope_web":1}
[2026-03-02 17:10:07] Action: get_config | Session: {"user_id":"sistemas","user_name":"sistemas","vendedor_id":"099","ope_web":1}
[2026-03-02 17:10:07] Action: products | Session: {"user_id":"sistemas","user_name":"sistemas","vendedor_id":"099","ope_web":1}
[2026-03-02 17:14:22] Action: get_config | Session: []
[2026-03-02 17:14:24] Action: login | Session: []
[2026-03-02 17:14:25] Action: get_config | Session: {"user_id":"sistemas","user_name":"sistemas","vendedor_id":"099","ope_web":1}
[2026-03-02 17:14:25] Action: categories | Session: {"user_id":"sistemas","user_name":"sistemas","vendedor_id":"099","ope_web":1}
[2026-03-02 17:14:25] Action: departments | Session: {"user_id":"sistemas","user_name":"sistemas","vendedor_id":"099","ope_web":1}
[2026-03-02 17:14:25] Action: get_rates | Session: {"user_id":"sistemas","user_name":"sistemas","vendedor_id":"099","ope_web":1}
[2026-03-02 17:14:25] Action: products | Session: {"user_id":"sistemas","user_name":"sistemas","vendedor_id":"099","ope_web":1}
[2026-03-02 17:14:41] Action: save_config | Session: {"user_id":"sistemas","user_name":"sistemas","vendedor_id":"099","ope_web":1}
[2026-03-02 17:14:43] Action: get_config | Session: {"user_id":"sistemas","user_name":"sistemas","vendedor_id":"099","ope_web":1}
[2026-03-02 17:14:43] Action: departments | Session: {"user_id":"sistemas","user_name":"sistemas","vendedor_id":"099","ope_web":1}
[2026-03-02 17:14:43] Action: get_rates | Session: {"user_id":"sistemas","user_name":"sistemas","vendedor_id":"099","ope_web":1}
[2026-03-02 17:14:43] Action: categories | Session: {"user_id":"sistemas","user_name":"sistemas","vendedor_id":"099","ope_web":1}
[2026-03-02 17:14:43] Action: products | Session: {"user_id":"sistemas","user_name":"sistemas","vendedor_id":"099","ope_web":1}
[2026-03-02 17:14:50] Action: save_config | Session: {"user_id":"sistemas","user_name":"sistemas","vendedor_id":"099","ope_web":1}
[2026-03-02 17:14:52] Action: get_config | Session: {"user_id":"sistemas","user_name":"sistemas","vendedor_id":"099","ope_web":1}
[2026-03-02 17:14:52] Action: departments | Session: {"user_id":"sistemas","user_name":"sistemas","vendedor_id":"099","ope_web":1}
[2026-03-02 17:14:52] Action: categories | Session: {"user_id":"sistemas","user_name":"sistemas","vendedor_id":"099","ope_web":1}
[2026-03-02 17:14:52] Action: get_rates | Session: {"user_id":"sistemas","user_name":"sistemas","vendedor_id":"099","ope_web":1}
[2026-03-02 17:14:52] Action: products | Session: {"user_id":"sistemas","user_name":"sistemas","vendedor_id":"099","ope_web":1}
[2026-03-02 17:14:58] Action: logout | Session: {"user_id":"sistemas","user_name":"sistemas","vendedor_id":"099","ope_web":1}
[2026-03-02 17:14:59] Action: get_config | Session: []
[2026-03-02 17:15:02] Action: login | Session: []
[2026-03-02 17:15:03] Action: departments | Session: {"user_id":"sistemas","user_name":"sistemas","vendedor_id":"099","ope_web":1}
[2026-03-02 17:15:03] Action: get_config | Session: {"user_id":"sistemas","user_name":"sistemas","vendedor_id":"099","ope_web":1}
[2026-03-02 17:15:03] Action: get_rates | Session: {"user_id":"sistemas","user_name":"sistemas","vendedor_id":"099","ope_web":1}
[2026-03-02 17:15:03] Action: categories | Session: {"user_id":"sistemas","user_name":"sistemas","vendedor_id":"099","ope_web":1}
[2026-03-02 17:15:03] Action: products | Session: {"user_id":"sistemas","user_name":"sistemas","vendedor_id":"099","ope_web":1}
[2026-03-02 17:15:12] Action: save_config | Session: {"user_id":"sistemas","user_name":"sistemas","vendedor_id":"099","ope_web":1}
[2026-03-02 17:15:13] Action: get_config | Session: {"user_id":"sistemas","user_name":"sistemas","vendedor_id":"099","ope_web":1}
[2026-03-02 17:15:14] Action: departments | Session: {"user_id":"sistemas","user_name":"sistemas","vendedor_id":"099","ope_web":1}
[2026-03-02 17:15:14] Action: categories | Session: {"user_id":"sistemas","user_name":"sistemas","vendedor_id":"099","ope_web":1}
[2026-03-02 17:15:14] Action: get_rates | Session: {"user_id":"sistemas","user_name":"sistemas","vendedor_id":"099","ope_web":1}
[2026-03-02 17:15:14] Action: products | Session: {"user_id":"sistemas","user_name":"sistemas","vendedor_id":"099","ope_web":1}
[2026-03-02 17:22:12] Action: logout | Session: {"user_id":"sistemas","user_name":"sistemas","vendedor_id":"099","ope_web":1}
[2026-03-02 17:22:12] Action: get_config | Session: []
[2026-03-02 17:40:08] Action: get_config | Session: {"user_id":"sistemas","user_name":"sistemas","vendedor_id":"099","ope_web":1}
[2026-03-02 17:40:08] Action: departments | Session: {"user_id":"sistemas","user_name":"sistemas","vendedor_id":"099","ope_web":1}
[2026-03-02 17:40:08] Action: categories | Session: {"user_id":"sistemas","user_name":"sistemas","vendedor_id":"099","ope_web":1}
[2026-03-02 17:40:08] Action: get_rates | Session: {"user_id":"sistemas","user_name":"sistemas","vendedor_id":"099","ope_web":1}
[2026-03-02 17:40:08] Action: products | Session: {"user_id":"sistemas","user_name":"sistemas","vendedor_id":"099","ope_web":1}
